{"/home/titus-b/Desktop/TutorFinder/backend/controllers/adminController.js": {"path":"/home/titus-b/Desktop/TutorFinder/backend/controllers/adminController.js","statementMap":{"0":{"start":{"line":2,"column":12},"end":{"line":2,"column":35}},"1":{"start":{"line":3,"column":14},"end":{"line":3,"column":47}},"2":{"start":{"line":4,"column":15},"end":{"line":4,"column":49}},"3":{"start":{"line":5,"column":13},"end":{"line":5,"column":38}},"4":{"start":{"line":6,"column":16},"end":{"line":6,"column":44}},"5":{"start":{"line":8,"column":26},"end":{"line":11,"column":1}},"6":{"start":{"line":14,"column":19},"end":{"line":31,"column":1}},"7":{"start":{"line":15,"column":30},"end":{"line":15,"column":38}},"8":{"start":{"line":17,"column":2},"end":{"line":30,"column":3}},"9":{"start":{"line":18,"column":20},"end":{"line":18,"column":83}},"10":{"start":{"line":19,"column":4},"end":{"line":27,"column":7}},"11":{"start":{"line":20,"column":6},"end":{"line":20,"column":25}},"12":{"start":{"line":20,"column":15},"end":{"line":20,"column":25}},"13":{"start":{"line":21,"column":6},"end":{"line":26,"column":9}},"14":{"start":{"line":29,"column":4},"end":{"line":29,"column":57}},"15":{"start":{"line":34,"column":18},"end":{"line":42,"column":1}},"16":{"start":{"line":35,"column":2},"end":{"line":41,"column":3}},"17":{"start":{"line":36,"column":19},"end":{"line":36,"column":73}},"18":{"start":{"line":37,"column":4},"end":{"line":37,"column":21}},"19":{"start":{"line":39,"column":4},"end":{"line":39,"column":31}},"20":{"start":{"line":40,"column":4},"end":{"line":40,"column":41}},"21":{"start":{"line":45,"column":19},"end":{"line":53,"column":1}},"22":{"start":{"line":46,"column":2},"end":{"line":52,"column":3}},"23":{"start":{"line":47,"column":20},"end":{"line":47,"column":75}},"24":{"start":{"line":48,"column":4},"end":{"line":48,"column":22}},"25":{"start":{"line":50,"column":4},"end":{"line":50,"column":31}},"26":{"start":{"line":51,"column":4},"end":{"line":51,"column":41}},"27":{"start":{"line":60,"column":20},"end":{"line":84,"column":1}},"28":{"start":{"line":61,"column":22},"end":{"line":61,"column":32}},"29":{"start":{"line":63,"column":2},"end":{"line":83,"column":3}},"30":{"start":{"line":65,"column":18},"end":{"line":65,"column":47}},"31":{"start":{"line":66,"column":4},"end":{"line":68,"column":5}},"32":{"start":{"line":67,"column":6},"end":{"line":67,"column":62}},"33":{"start":{"line":71,"column":4},"end":{"line":71,"column":45}},"34":{"start":{"line":74,"column":4},"end":{"line":74,"column":43}},"35":{"start":{"line":77,"column":4},"end":{"line":77,"column":49}},"36":{"start":{"line":79,"column":4},"end":{"line":79,"column":76}},"37":{"start":{"line":81,"column":4},"end":{"line":81,"column":31}},"38":{"start":{"line":82,"column":4},"end":{"line":82,"column":41}},"39":{"start":{"line":87,"column":21},"end":{"line":111,"column":1}},"40":{"start":{"line":88,"column":23},"end":{"line":88,"column":33}},"41":{"start":{"line":90,"column":2},"end":{"line":110,"column":3}},"42":{"start":{"line":92,"column":19},"end":{"line":92,"column":50}},"43":{"start":{"line":93,"column":4},"end":{"line":95,"column":5}},"44":{"start":{"line":94,"column":6},"end":{"line":94,"column":63}},"45":{"start":{"line":98,"column":4},"end":{"line":98,"column":46}},"46":{"start":{"line":101,"column":4},"end":{"line":101,"column":45}},"47":{"start":{"line":104,"column":4},"end":{"line":104,"column":51}},"48":{"start":{"line":106,"column":4},"end":{"line":106,"column":77}},"49":{"start":{"line":108,"column":4},"end":{"line":108,"column":31}},"50":{"start":{"line":109,"column":4},"end":{"line":109,"column":41}},"51":{"start":{"line":113,"column":0},"end":{"line":119,"column":2}}},"fnMap":{"0":{"name":"(anonymous_0)","decl":{"start":{"line":14,"column":19},"end":{"line":14,"column":20}},"loc":{"start":{"line":14,"column":39},"end":{"line":31,"column":1}},"line":14},"1":{"name":"(anonymous_1)","decl":{"start":{"line":19,"column":67},"end":{"line":19,"column":68}},"loc":{"start":{"line":19,"column":83},"end":{"line":27,"column":5}},"line":19},"2":{"name":"(anonymous_2)","decl":{"start":{"line":34,"column":18},"end":{"line":34,"column":19}},"loc":{"start":{"line":34,"column":38},"end":{"line":42,"column":1}},"line":34},"3":{"name":"(anonymous_3)","decl":{"start":{"line":45,"column":19},"end":{"line":45,"column":20}},"loc":{"start":{"line":45,"column":39},"end":{"line":53,"column":1}},"line":45},"4":{"name":"(anonymous_4)","decl":{"start":{"line":60,"column":20},"end":{"line":60,"column":21}},"loc":{"start":{"line":60,"column":40},"end":{"line":84,"column":1}},"line":60},"5":{"name":"(anonymous_5)","decl":{"start":{"line":87,"column":21},"end":{"line":87,"column":22}},"loc":{"start":{"line":87,"column":41},"end":{"line":111,"column":1}},"line":87}},"branchMap":{"0":{"loc":{"start":{"line":17,"column":2},"end":{"line":30,"column":3}},"type":"if","locations":[{"start":{"line":17,"column":2},"end":{"line":30,"column":3}},{"start":{"line":28,"column":9},"end":{"line":30,"column":3}}],"line":17},"1":{"loc":{"start":{"line":17,"column":6},"end":{"line":17,"column":82}},"type":"binary-expr","locations":[{"start":{"line":17,"column":6},"end":{"line":17,"column":39}},{"start":{"line":17,"column":43},"end":{"line":17,"column":82}}],"line":17},"2":{"loc":{"start":{"line":20,"column":6},"end":{"line":20,"column":25}},"type":"if","locations":[{"start":{"line":20,"column":6},"end":{"line":20,"column":25}},{"start":{},"end":{}}],"line":20},"3":{"loc":{"start":{"line":66,"column":4},"end":{"line":68,"column":5}},"type":"if","locations":[{"start":{"line":66,"column":4},"end":{"line":68,"column":5}},{"start":{},"end":{}}],"line":66},"4":{"loc":{"start":{"line":93,"column":4},"end":{"line":95,"column":5}},"type":"if","locations":[{"start":{"line":93,"column":4},"end":{"line":95,"column":5}},{"start":{},"end":{}}],"line":93}},"s":{"0":1,"1":1,"2":1,"3":1,"4":1,"5":1,"6":1,"7":3,"8":3,"9":1,"10":1,"11":1,"12":0,"13":1,"14":2,"15":1,"16":2,"17":2,"18":1,"19":1,"20":1,"21":1,"22":1,"23":1,"24":1,"25":0,"26":0,"27":1,"28":2,"29":2,"30":2,"31":2,"32":1,"33":1,"34":1,"35":1,"36":1,"37":0,"38":0,"39":1,"40":1,"41":1,"42":1,"43":1,"44":0,"45":1,"46":1,"47":1,"48":1,"49":0,"50":0,"51":1},"f":{"0":3,"1":1,"2":2,"3":1,"4":2,"5":1},"b":{"0":[1,2],"1":[3,2],"2":[0,1],"3":[1,1],"4":[0,1]},"_coverageSchema":"1a1c01bbd47fc00a2c39e90264f33305004495a9","hash":"e3f5db86edf851a097c71c3476b26a79620b0a88"}
,"/home/titus-b/Desktop/TutorFinder/backend/controllers/authController.js": {"path":"/home/titus-b/Desktop/TutorFinder/backend/controllers/authController.js","statementMap":{"0":{"start":{"line":1,"column":13},"end":{"line":1,"column":38}},"1":{"start":{"line":2,"column":15},"end":{"line":2,"column":34}},"2":{"start":{"line":3,"column":12},"end":{"line":3,"column":35}},"3":{"start":{"line":5,"column":17},"end":{"line":39,"column":1}},"4":{"start":{"line":6,"column":42},"end":{"line":6,"column":50}},"5":{"start":{"line":8,"column":2},"end":{"line":38,"column":3}},"6":{"start":{"line":9,"column":15},"end":{"line":9,"column":44}},"7":{"start":{"line":10,"column":4},"end":{"line":12,"column":5}},"8":{"start":{"line":11,"column":6},"end":{"line":11,"column":66}},"9":{"start":{"line":15,"column":4},"end":{"line":15,"column":53}},"10":{"start":{"line":18,"column":17},"end":{"line":18,"column":41}},"11":{"start":{"line":19,"column":4},"end":{"line":19,"column":54}},"12":{"start":{"line":22,"column":4},"end":{"line":22,"column":22}},"13":{"start":{"line":24,"column":20},"end":{"line":24,"column":80}},"14":{"start":{"line":26,"column":4},"end":{"line":34,"column":7}},"15":{"start":{"line":27,"column":6},"end":{"line":27,"column":25}},"16":{"start":{"line":27,"column":15},"end":{"line":27,"column":25}},"17":{"start":{"line":28,"column":6},"end":{"line":33,"column":9}},"18":{"start":{"line":36,"column":4},"end":{"line":36,"column":31}},"19":{"start":{"line":37,"column":4},"end":{"line":37,"column":41}},"20":{"start":{"line":41,"column":14},"end":{"line":71,"column":1}},"21":{"start":{"line":42,"column":30},"end":{"line":42,"column":38}},"22":{"start":{"line":44,"column":2},"end":{"line":70,"column":3}},"23":{"start":{"line":45,"column":15},"end":{"line":45,"column":44}},"24":{"start":{"line":46,"column":4},"end":{"line":48,"column":5}},"25":{"start":{"line":47,"column":6},"end":{"line":47,"column":66}},"26":{"start":{"line":50,"column":20},"end":{"line":50,"column":65}},"27":{"start":{"line":51,"column":4},"end":{"line":53,"column":5}},"28":{"start":{"line":52,"column":6},"end":{"line":52,"column":66}},"29":{"start":{"line":55,"column":20},"end":{"line":55,"column":80}},"30":{"start":{"line":57,"column":4},"end":{"line":66,"column":7}},"31":{"start":{"line":58,"column":6},"end":{"line":58,"column":25}},"32":{"start":{"line":58,"column":15},"end":{"line":58,"column":25}},"33":{"start":{"line":60,"column":6},"end":{"line":65,"column":9}},"34":{"start":{"line":68,"column":4},"end":{"line":68,"column":31}},"35":{"start":{"line":69,"column":4},"end":{"line":69,"column":41}},"36":{"start":{"line":73,"column":0},"end":{"line":73,"column":37}}},"fnMap":{"0":{"name":"(anonymous_0)","decl":{"start":{"line":5,"column":17},"end":{"line":5,"column":18}},"loc":{"start":{"line":5,"column":37},"end":{"line":39,"column":1}},"line":5},"1":{"name":"(anonymous_1)","decl":{"start":{"line":26,"column":67},"end":{"line":26,"column":68}},"loc":{"start":{"line":26,"column":83},"end":{"line":34,"column":5}},"line":26},"2":{"name":"(anonymous_2)","decl":{"start":{"line":41,"column":14},"end":{"line":41,"column":15}},"loc":{"start":{"line":41,"column":34},"end":{"line":71,"column":1}},"line":41},"3":{"name":"(anonymous_3)","decl":{"start":{"line":57,"column":67},"end":{"line":57,"column":68}},"loc":{"start":{"line":57,"column":83},"end":{"line":66,"column":5}},"line":57}},"branchMap":{"0":{"loc":{"start":{"line":10,"column":4},"end":{"line":12,"column":5}},"type":"if","locations":[{"start":{"line":10,"column":4},"end":{"line":12,"column":5}},{"start":{},"end":{}}],"line":10},"1":{"loc":{"start":{"line":27,"column":6},"end":{"line":27,"column":25}},"type":"if","locations":[{"start":{"line":27,"column":6},"end":{"line":27,"column":25}},{"start":{},"end":{}}],"line":27},"2":{"loc":{"start":{"line":46,"column":4},"end":{"line":48,"column":5}},"type":"if","locations":[{"start":{"line":46,"column":4},"end":{"line":48,"column":5}},{"start":{},"end":{}}],"line":46},"3":{"loc":{"start":{"line":51,"column":4},"end":{"line":53,"column":5}},"type":"if","locations":[{"start":{"line":51,"column":4},"end":{"line":53,"column":5}},{"start":{},"end":{}}],"line":51},"4":{"loc":{"start":{"line":58,"column":6},"end":{"line":58,"column":25}},"type":"if","locations":[{"start":{"line":58,"column":6},"end":{"line":58,"column":25}},{"start":{},"end":{}}],"line":58}},"s":{"0":2,"1":2,"2":2,"3":2,"4":3,"5":3,"6":3,"7":2,"8":1,"9":1,"10":1,"11":1,"12":1,"13":1,"14":1,"15":1,"16":0,"17":1,"18":1,"19":1,"20":2,"21":4,"22":4,"23":4,"24":3,"25":1,"26":2,"27":2,"28":1,"29":1,"30":1,"31":1,"32":0,"33":1,"34":1,"35":1,"36":2},"f":{"0":3,"1":1,"2":4,"3":1},"b":{"0":[1,1],"1":[0,1],"2":[1,2],"3":[1,1],"4":[0,1]},"_coverageSchema":"1a1c01bbd47fc00a2c39e90264f33305004495a9","hash":"b80f4880a74cea28f2102d8f1f3f95e1edfa933b"}
,"/home/titus-b/Desktop/TutorFinder/backend/controllers/availabilityController.js": {"path":"/home/titus-b/Desktop/TutorFinder/backend/controllers/availabilityController.js","statementMap":{"0":{"start":{"line":1,"column":21},"end":{"line":1,"column":54}},"1":{"start":{"line":2,"column":14},"end":{"line":2,"column":47}},"2":{"start":{"line":4,"column":27},"end":{"line":25,"column":1}},"3":{"start":{"line":5,"column":2},"end":{"line":24,"column":3}},"4":{"start":{"line":6,"column":19},"end":{"line":6,"column":37}},"5":{"start":{"line":7,"column":18},"end":{"line":7,"column":55}},"6":{"start":{"line":8,"column":4},"end":{"line":8,"column":89}},"7":{"start":{"line":8,"column":16},"end":{"line":8,"column":89}},"8":{"start":{"line":9,"column":31},"end":{"line":9,"column":39}},"9":{"start":{"line":10,"column":4},"end":{"line":12,"column":5}},"10":{"start":{"line":11,"column":6},"end":{"line":11,"column":77}},"11":{"start":{"line":13,"column":23},"end":{"line":14,"column":117}},"12":{"start":{"line":13,"column":39},"end":{"line":13,"column":113}},"13":{"start":{"line":14,"column":19},"end":{"line":14,"column":116}},"14":{"start":{"line":15,"column":16},"end":{"line":19,"column":5}},"15":{"start":{"line":20,"column":4},"end":{"line":20,"column":25}},"16":{"start":{"line":22,"column":4},"end":{"line":22,"column":23}},"17":{"start":{"line":23,"column":4},"end":{"line":23,"column":57}},"18":{"start":{"line":27,"column":24},"end":{"line":39,"column":1}},"19":{"start":{"line":28,"column":2},"end":{"line":38,"column":3}},"20":{"start":{"line":29,"column":33},"end":{"line":29,"column":42}},"21":{"start":{"line":30,"column":19},"end":{"line":30,"column":21}},"22":{"start":{"line":31,"column":4},"end":{"line":31,"column":40}},"23":{"start":{"line":31,"column":17},"end":{"line":31,"column":40}},"24":{"start":{"line":32,"column":4},"end":{"line":32,"column":64}},"25":{"start":{"line":32,"column":31},"end":{"line":32,"column":64}},"26":{"start":{"line":33,"column":17},"end":{"line":33,"column":48}},"27":{"start":{"line":34,"column":4},"end":{"line":34,"column":26}},"28":{"start":{"line":36,"column":4},"end":{"line":36,"column":23}},"29":{"start":{"line":37,"column":4},"end":{"line":37,"column":57}},"30":{"start":{"line":41,"column":0},"end":{"line":41,"column":57}}},"fnMap":{"0":{"name":"(anonymous_0)","decl":{"start":{"line":4,"column":27},"end":{"line":4,"column":28}},"loc":{"start":{"line":4,"column":47},"end":{"line":25,"column":1}},"line":4},"1":{"name":"(anonymous_1)","decl":{"start":{"line":13,"column":33},"end":{"line":13,"column":34}},"loc":{"start":{"line":13,"column":39},"end":{"line":13,"column":113}},"line":13},"2":{"name":"(anonymous_2)","decl":{"start":{"line":14,"column":14},"end":{"line":14,"column":15}},"loc":{"start":{"line":14,"column":19},"end":{"line":14,"column":116}},"line":14},"3":{"name":"(anonymous_3)","decl":{"start":{"line":27,"column":24},"end":{"line":27,"column":25}},"loc":{"start":{"line":27,"column":44},"end":{"line":39,"column":1}},"line":27}},"branchMap":{"0":{"loc":{"start":{"line":8,"column":4},"end":{"line":8,"column":89}},"type":"if","locations":[{"start":{"line":8,"column":4},"end":{"line":8,"column":89}},{"start":{},"end":{}}],"line":8},"1":{"loc":{"start":{"line":10,"column":4},"end":{"line":12,"column":5}},"type":"if","locations":[{"start":{"line":10,"column":4},"end":{"line":12,"column":5}},{"start":{},"end":{}}],"line":10},"2":{"loc":{"start":{"line":10,"column":8},"end":{"line":10,"column":54}},"type":"binary-expr","locations":[{"start":{"line":10,"column":8},"end":{"line":10,"column":29}},{"start":{"line":10,"column":33},"end":{"line":10,"column":54}}],"line":10},"3":{"loc":{"start":{"line":14,"column":19},"end":{"line":14,"column":116}},"type":"binary-expr","locations":[{"start":{"line":14,"column":19},"end":{"line":14,"column":50}},{"start":{"line":14,"column":54},"end":{"line":14,"column":83}},{"start":{"line":14,"column":87},"end":{"line":14,"column":116}}],"line":14},"4":{"loc":{"start":{"line":31,"column":4},"end":{"line":31,"column":40}},"type":"if","locations":[{"start":{"line":31,"column":4},"end":{"line":31,"column":40}},{"start":{},"end":{}}],"line":31},"5":{"loc":{"start":{"line":32,"column":4},"end":{"line":32,"column":64}},"type":"if","locations":[{"start":{"line":32,"column":4},"end":{"line":32,"column":64}},{"start":{},"end":{}}],"line":32}},"s":{"0":1,"1":1,"2":1,"3":4,"4":4,"5":4,"6":4,"7":1,"8":3,"9":3,"10":1,"11":2,"12":6,"13":6,"14":2,"15":2,"16":0,"17":0,"18":1,"19":3,"20":3,"21":3,"22":3,"23":1,"24":3,"25":1,"26":3,"27":3,"28":0,"29":0,"30":1},"f":{"0":4,"1":6,"2":6,"3":3},"b":{"0":[1,3],"1":[1,2],"2":[3,3],"3":[6,5,5],"4":[1,2],"5":[1,2]},"_coverageSchema":"1a1c01bbd47fc00a2c39e90264f33305004495a9","hash":"49b147c94191ec17e8512103f19f06ba6001f7f7"}
,"/home/titus-b/Desktop/TutorFinder/backend/controllers/clientController.js": {"path":"/home/titus-b/Desktop/TutorFinder/backend/controllers/clientController.js","statementMap":{"0":{"start":{"line":1,"column":13},"end":{"line":1,"column":38}},"1":{"start":{"line":2,"column":15},"end":{"line":2,"column":49}},"2":{"start":{"line":4,"column":36},"end":{"line":37,"column":1}},"3":{"start":{"line":5,"column":26},"end":{"line":5,"column":34}},"4":{"start":{"line":6,"column":17},"end":{"line":6,"column":35}},"5":{"start":{"line":8,"column":2},"end":{"line":10,"column":3}},"6":{"start":{"line":9,"column":4},"end":{"line":9,"column":76}},"7":{"start":{"line":12,"column":2},"end":{"line":36,"column":3}},"8":{"start":{"line":13,"column":17},"end":{"line":13,"column":44}},"9":{"start":{"line":14,"column":4},"end":{"line":16,"column":5}},"10":{"start":{"line":15,"column":6},"end":{"line":15,"column":72}},"11":{"start":{"line":18,"column":24},"end":{"line":18,"column":62}},"12":{"start":{"line":20,"column":4},"end":{"line":29,"column":5}},"13":{"start":{"line":21,"column":6},"end":{"line":25,"column":9}},"14":{"start":{"line":27,"column":6},"end":{"line":27,"column":32}},"15":{"start":{"line":28,"column":6},"end":{"line":28,"column":34}},"16":{"start":{"line":31,"column":4},"end":{"line":31,"column":31}},"17":{"start":{"line":32,"column":4},"end":{"line":32,"column":35}},"18":{"start":{"line":34,"column":4},"end":{"line":34,"column":31}},"19":{"start":{"line":35,"column":4},"end":{"line":35,"column":48}},"20":{"start":{"line":39,"column":25},"end":{"line":51,"column":1}},"21":{"start":{"line":40,"column":17},"end":{"line":40,"column":34}},"22":{"start":{"line":41,"column":2},"end":{"line":50,"column":3}},"23":{"start":{"line":42,"column":26},"end":{"line":42,"column":64}},"24":{"start":{"line":43,"column":4},"end":{"line":45,"column":5}},"25":{"start":{"line":44,"column":6},"end":{"line":44,"column":71}},"26":{"start":{"line":46,"column":4},"end":{"line":46,"column":35}},"27":{"start":{"line":48,"column":4},"end":{"line":48,"column":31}},"28":{"start":{"line":49,"column":4},"end":{"line":49,"column":48}},"29":{"start":{"line":53,"column":22},"end":{"line":90,"column":1}},"30":{"start":{"line":54,"column":17},"end":{"line":54,"column":35}},"31":{"start":{"line":56,"column":2},"end":{"line":58,"column":3}},"32":{"start":{"line":57,"column":4},"end":{"line":57,"column":76}},"33":{"start":{"line":60,"column":2},"end":{"line":89,"column":3}},"34":{"start":{"line":62,"column":17},"end":{"line":62,"column":44}},"35":{"start":{"line":63,"column":4},"end":{"line":65,"column":5}},"36":{"start":{"line":64,"column":6},"end":{"line":64,"column":64}},"37":{"start":{"line":68,"column":19},"end":{"line":68,"column":57}},"38":{"start":{"line":69,"column":4},"end":{"line":71,"column":5}},"39":{"start":{"line":70,"column":6},"end":{"line":70,"column":63}},"40":{"start":{"line":74,"column":20},"end":{"line":74,"column":48}},"41":{"start":{"line":77,"column":4},"end":{"line":77,"column":41}},"42":{"start":{"line":80,"column":4},"end":{"line":80,"column":47}},"43":{"start":{"line":83,"column":4},"end":{"line":83,"column":53}},"44":{"start":{"line":85,"column":4},"end":{"line":85,"column":77}},"45":{"start":{"line":87,"column":4},"end":{"line":87,"column":31}},"46":{"start":{"line":88,"column":4},"end":{"line":88,"column":41}},"47":{"start":{"line":92,"column":0},"end":{"line":92,"column":82}}},"fnMap":{"0":{"name":"(anonymous_0)","decl":{"start":{"line":4,"column":36},"end":{"line":4,"column":37}},"loc":{"start":{"line":4,"column":56},"end":{"line":37,"column":1}},"line":4},"1":{"name":"(anonymous_1)","decl":{"start":{"line":39,"column":25},"end":{"line":39,"column":26}},"loc":{"start":{"line":39,"column":45},"end":{"line":51,"column":1}},"line":39},"2":{"name":"(anonymous_2)","decl":{"start":{"line":53,"column":22},"end":{"line":53,"column":23}},"loc":{"start":{"line":53,"column":42},"end":{"line":90,"column":1}},"line":53}},"branchMap":{"0":{"loc":{"start":{"line":8,"column":2},"end":{"line":10,"column":3}},"type":"if","locations":[{"start":{"line":8,"column":2},"end":{"line":10,"column":3}},{"start":{},"end":{}}],"line":8},"1":{"loc":{"start":{"line":14,"column":4},"end":{"line":16,"column":5}},"type":"if","locations":[{"start":{"line":14,"column":4},"end":{"line":16,"column":5}},{"start":{},"end":{}}],"line":14},"2":{"loc":{"start":{"line":14,"column":8},"end":{"line":14,"column":39}},"type":"binary-expr","locations":[{"start":{"line":14,"column":8},"end":{"line":14,"column":13}},{"start":{"line":14,"column":17},"end":{"line":14,"column":39}}],"line":14},"3":{"loc":{"start":{"line":20,"column":4},"end":{"line":29,"column":5}},"type":"if","locations":[{"start":{"line":20,"column":4},"end":{"line":29,"column":5}},{"start":{"line":26,"column":11},"end":{"line":29,"column":5}}],"line":20},"4":{"loc":{"start":{"line":43,"column":4},"end":{"line":45,"column":5}},"type":"if","locations":[{"start":{"line":43,"column":4},"end":{"line":45,"column":5}},{"start":{},"end":{}}],"line":43},"5":{"loc":{"start":{"line":56,"column":2},"end":{"line":58,"column":3}},"type":"if","locations":[{"start":{"line":56,"column":2},"end":{"line":58,"column":3}},{"start":{},"end":{}}],"line":56},"6":{"loc":{"start":{"line":63,"column":4},"end":{"line":65,"column":5}},"type":"if","locations":[{"start":{"line":63,"column":4},"end":{"line":65,"column":5}},{"start":{},"end":{}}],"line":63},"7":{"loc":{"start":{"line":63,"column":8},"end":{"line":63,"column":39}},"type":"binary-expr","locations":[{"start":{"line":63,"column":8},"end":{"line":63,"column":13}},{"start":{"line":63,"column":17},"end":{"line":63,"column":39}}],"line":63},"8":{"loc":{"start":{"line":69,"column":4},"end":{"line":71,"column":5}},"type":"if","locations":[{"start":{"line":69,"column":4},"end":{"line":71,"column":5}},{"start":{},"end":{}}],"line":69}},"s":{"0":1,"1":1,"2":1,"3":4,"4":4,"5":4,"6":1,"7":3,"8":3,"9":3,"10":1,"11":2,"12":2,"13":1,"14":1,"15":1,"16":2,"17":2,"18":0,"19":0,"20":1,"21":2,"22":2,"23":2,"24":2,"25":1,"26":1,"27":0,"28":0,"29":1,"30":1,"31":1,"32":0,"33":1,"34":1,"35":1,"36":0,"37":1,"38":1,"39":0,"40":1,"41":1,"42":1,"43":1,"44":1,"45":0,"46":0,"47":1},"f":{"0":4,"1":2,"2":1},"b":{"0":[1,3],"1":[1,2],"2":[3,3],"3":[1,1],"4":[1,1],"5":[0,1],"6":[0,1],"7":[1,1],"8":[0,1]},"_coverageSchema":"1a1c01bbd47fc00a2c39e90264f33305004495a9","hash":"5538127ab790b23b79ca93415aa6b36f58005015"}
,"/home/titus-b/Desktop/TutorFinder/backend/controllers/notificationController.js": {"path":"/home/titus-b/Desktop/TutorFinder/backend/controllers/notificationController.js","statementMap":{"0":{"start":{"line":1,"column":21},"end":{"line":1,"column":54}},"1":{"start":{"line":3,"column":26},"end":{"line":12,"column":1}},"2":{"start":{"line":4,"column":2},"end":{"line":11,"column":3}},"3":{"start":{"line":5,"column":19},"end":{"line":5,"column":37}},"4":{"start":{"line":6,"column":17},"end":{"line":6,"column":92}},"5":{"start":{"line":7,"column":4},"end":{"line":7,"column":26}},"6":{"start":{"line":9,"column":4},"end":{"line":9,"column":23}},"7":{"start":{"line":10,"column":4},"end":{"line":10,"column":57}},"8":{"start":{"line":14,"column":17},"end":{"line":25,"column":1}},"9":{"start":{"line":15,"column":2},"end":{"line":24,"column":3}},"10":{"start":{"line":16,"column":19},"end":{"line":16,"column":37}},"11":{"start":{"line":17,"column":19},"end":{"line":17,"column":29}},"12":{"start":{"line":18,"column":16},"end":{"line":18,"column":109}},"13":{"start":{"line":19,"column":4},"end":{"line":19,"column":77}},"14":{"start":{"line":19,"column":14},"end":{"line":19,"column":77}},"15":{"start":{"line":20,"column":4},"end":{"line":20,"column":25}},"16":{"start":{"line":22,"column":4},"end":{"line":22,"column":23}},"17":{"start":{"line":23,"column":4},"end":{"line":23,"column":57}},"18":{"start":{"line":27,"column":20},"end":{"line":37,"column":1}},"19":{"start":{"line":28,"column":2},"end":{"line":36,"column":3}},"20":{"start":{"line":29,"column":19},"end":{"line":29,"column":37}},"21":{"start":{"line":30,"column":4},"end":{"line":30,"column":91}},"22":{"start":{"line":31,"column":17},"end":{"line":31,"column":92}},"23":{"start":{"line":32,"column":4},"end":{"line":32,"column":26}},"24":{"start":{"line":34,"column":4},"end":{"line":34,"column":23}},"25":{"start":{"line":35,"column":4},"end":{"line":35,"column":57}},"26":{"start":{"line":39,"column":0},"end":{"line":39,"column":62}}},"fnMap":{"0":{"name":"(anonymous_0)","decl":{"start":{"line":3,"column":26},"end":{"line":3,"column":27}},"loc":{"start":{"line":3,"column":46},"end":{"line":12,"column":1}},"line":3},"1":{"name":"(anonymous_1)","decl":{"start":{"line":14,"column":17},"end":{"line":14,"column":18}},"loc":{"start":{"line":14,"column":37},"end":{"line":25,"column":1}},"line":14},"2":{"name":"(anonymous_2)","decl":{"start":{"line":27,"column":20},"end":{"line":27,"column":21}},"loc":{"start":{"line":27,"column":40},"end":{"line":37,"column":1}},"line":27}},"branchMap":{"0":{"loc":{"start":{"line":19,"column":4},"end":{"line":19,"column":77}},"type":"if","locations":[{"start":{"line":19,"column":4},"end":{"line":19,"column":77}},{"start":{},"end":{}}],"line":19}},"s":{"0":1,"1":1,"2":2,"3":2,"4":2,"5":2,"6":0,"7":0,"8":1,"9":2,"10":2,"11":2,"12":2,"13":2,"14":1,"15":1,"16":0,"17":0,"18":1,"19":1,"20":1,"21":1,"22":1,"23":1,"24":0,"25":0,"26":1},"f":{"0":2,"1":2,"2":1},"b":{"0":[1,1]},"_coverageSchema":"1a1c01bbd47fc00a2c39e90264f33305004495a9","hash":"ab9cf6fa182ef8c110b03acf4096d0837f1e11a8"}
,"/home/titus-b/Desktop/TutorFinder/backend/controllers/sessionController.js": {"path":"/home/titus-b/Desktop/TutorFinder/backend/controllers/sessionController.js","statementMap":{"0":{"start":{"line":1,"column":16},"end":{"line":1,"column":44}},"1":{"start":{"line":2,"column":21},"end":{"line":2,"column":54}},"2":{"start":{"line":3,"column":21},"end":{"line":3,"column":54}},"3":{"start":{"line":4,"column":14},"end":{"line":4,"column":47}},"4":{"start":{"line":5,"column":15},"end":{"line":5,"column":49}},"5":{"start":{"line":7,"column":20},"end":{"line":49,"column":1}},"6":{"start":{"line":8,"column":48},"end":{"line":8,"column":56}},"7":{"start":{"line":9,"column":2},"end":{"line":11,"column":3}},"8":{"start":{"line":10,"column":4},"end":{"line":10,"column":68}},"9":{"start":{"line":12,"column":2},"end":{"line":48,"column":3}},"10":{"start":{"line":14,"column":18},"end":{"line":14,"column":32}},"11":{"start":{"line":15,"column":16},"end":{"line":15,"column":60}},"12":{"start":{"line":16,"column":20},"end":{"line":16,"column":34}},"13":{"start":{"line":17,"column":25},"end":{"line":17,"column":67}},"14":{"start":{"line":18,"column":23},"end":{"line":18,"column":61}},"15":{"start":{"line":20,"column":25},"end":{"line":20,"column":80}},"16":{"start":{"line":21,"column":24},"end":{"line":21,"column":116}},"17":{"start":{"line":21,"column":55},"end":{"line":21,"column":115}},"18":{"start":{"line":22,"column":4},"end":{"line":24,"column":5}},"19":{"start":{"line":23,"column":6},"end":{"line":23,"column":88}},"20":{"start":{"line":26,"column":20},"end":{"line":32,"column":6}},"21":{"start":{"line":33,"column":4},"end":{"line":33,"column":25}},"22":{"start":{"line":35,"column":21},"end":{"line":35,"column":50}},"23":{"start":{"line":36,"column":4},"end":{"line":43,"column":5}},"24":{"start":{"line":37,"column":6},"end":{"line":42,"column":9}},"25":{"start":{"line":44,"column":4},"end":{"line":44,"column":29}},"26":{"start":{"line":46,"column":4},"end":{"line":46,"column":31}},"27":{"start":{"line":47,"column":4},"end":{"line":47,"column":48}},"28":{"start":{"line":52,"column":20},"end":{"line":69,"column":1}},"29":{"start":{"line":53,"column":2},"end":{"line":68,"column":3}},"30":{"start":{"line":54,"column":34},"end":{"line":54,"column":43}},"31":{"start":{"line":55,"column":19},"end":{"line":55,"column":21}},"32":{"start":{"line":56,"column":4},"end":{"line":56,"column":40}},"33":{"start":{"line":56,"column":17},"end":{"line":56,"column":40}},"34":{"start":{"line":57,"column":4},"end":{"line":57,"column":43}},"35":{"start":{"line":57,"column":18},"end":{"line":57,"column":43}},"36":{"start":{"line":60,"column":21},"end":{"line":62,"column":33}},"37":{"start":{"line":64,"column":4},"end":{"line":64,"column":30}},"38":{"start":{"line":66,"column":4},"end":{"line":66,"column":31}},"39":{"start":{"line":67,"column":4},"end":{"line":67,"column":48}},"40":{"start":{"line":72,"column":22},"end":{"line":92,"column":1}},"41":{"start":{"line":73,"column":2},"end":{"line":91,"column":3}},"42":{"start":{"line":74,"column":19},"end":{"line":74,"column":29}},"43":{"start":{"line":75,"column":24},"end":{"line":75,"column":38}},"44":{"start":{"line":76,"column":20},"end":{"line":76,"column":94}},"45":{"start":{"line":77,"column":4},"end":{"line":77,"column":76}},"46":{"start":{"line":77,"column":18},"end":{"line":77,"column":76}},"47":{"start":{"line":78,"column":22},"end":{"line":78,"column":59}},"48":{"start":{"line":79,"column":4},"end":{"line":86,"column":5}},"49":{"start":{"line":80,"column":6},"end":{"line":85,"column":9}},"50":{"start":{"line":87,"column":4},"end":{"line":87,"column":29}},"51":{"start":{"line":89,"column":4},"end":{"line":89,"column":31}},"52":{"start":{"line":90,"column":4},"end":{"line":90,"column":48}},"53":{"start":{"line":95,"column":22},"end":{"line":115,"column":1}},"54":{"start":{"line":96,"column":2},"end":{"line":114,"column":3}},"55":{"start":{"line":97,"column":19},"end":{"line":97,"column":29}},"56":{"start":{"line":98,"column":24},"end":{"line":98,"column":38}},"57":{"start":{"line":99,"column":20},"end":{"line":99,"column":94}},"58":{"start":{"line":100,"column":4},"end":{"line":100,"column":76}},"59":{"start":{"line":100,"column":18},"end":{"line":100,"column":76}},"60":{"start":{"line":101,"column":22},"end":{"line":101,"column":59}},"61":{"start":{"line":102,"column":4},"end":{"line":109,"column":5}},"62":{"start":{"line":103,"column":6},"end":{"line":108,"column":9}},"63":{"start":{"line":110,"column":4},"end":{"line":110,"column":29}},"64":{"start":{"line":112,"column":4},"end":{"line":112,"column":31}},"65":{"start":{"line":113,"column":4},"end":{"line":113,"column":48}},"66":{"start":{"line":118,"column":22},"end":{"line":137,"column":1}},"67":{"start":{"line":119,"column":2},"end":{"line":136,"column":3}},"68":{"start":{"line":120,"column":19},"end":{"line":120,"column":29}},"69":{"start":{"line":121,"column":20},"end":{"line":121,"column":95}},"70":{"start":{"line":122,"column":4},"end":{"line":122,"column":76}},"71":{"start":{"line":122,"column":18},"end":{"line":122,"column":76}},"72":{"start":{"line":123,"column":21},"end":{"line":123,"column":56}},"73":{"start":{"line":124,"column":4},"end":{"line":131,"column":5}},"74":{"start":{"line":125,"column":6},"end":{"line":130,"column":9}},"75":{"start":{"line":132,"column":4},"end":{"line":132,"column":29}},"76":{"start":{"line":134,"column":4},"end":{"line":134,"column":31}},"77":{"start":{"line":135,"column":4},"end":{"line":135,"column":48}},"78":{"start":{"line":139,"column":0},"end":{"line":139,"column":91}}},"fnMap":{"0":{"name":"(anonymous_0)","decl":{"start":{"line":7,"column":20},"end":{"line":7,"column":21}},"loc":{"start":{"line":7,"column":40},"end":{"line":49,"column":1}},"line":7},"1":{"name":"(anonymous_1)","decl":{"start":{"line":21,"column":50},"end":{"line":21,"column":51}},"loc":{"start":{"line":21,"column":55},"end":{"line":21,"column":115}},"line":21},"2":{"name":"(anonymous_2)","decl":{"start":{"line":52,"column":20},"end":{"line":52,"column":21}},"loc":{"start":{"line":52,"column":40},"end":{"line":69,"column":1}},"line":52},"3":{"name":"(anonymous_3)","decl":{"start":{"line":72,"column":22},"end":{"line":72,"column":23}},"loc":{"start":{"line":72,"column":42},"end":{"line":92,"column":1}},"line":72},"4":{"name":"(anonymous_4)","decl":{"start":{"line":95,"column":22},"end":{"line":95,"column":23}},"loc":{"start":{"line":95,"column":42},"end":{"line":115,"column":1}},"line":95},"5":{"name":"(anonymous_5)","decl":{"start":{"line":118,"column":22},"end":{"line":118,"column":23}},"loc":{"start":{"line":118,"column":42},"end":{"line":137,"column":1}},"line":118}},"branchMap":{"0":{"loc":{"start":{"line":9,"column":2},"end":{"line":11,"column":3}},"type":"if","locations":[{"start":{"line":9,"column":2},"end":{"line":11,"column":3}},{"start":{},"end":{}}],"line":9},"1":{"loc":{"start":{"line":9,"column":6},"end":{"line":9,"column":49}},"type":"binary-expr","locations":[{"start":{"line":9,"column":6},"end":{"line":9,"column":14}},{"start":{"line":9,"column":18},"end":{"line":9,"column":27}},{"start":{"line":9,"column":31},"end":{"line":9,"column":36}},{"start":{"line":9,"column":40},"end":{"line":9,"column":49}}],"line":9},"2":{"loc":{"start":{"line":21,"column":55},"end":{"line":21,"column":115}},"type":"binary-expr","locations":[{"start":{"line":21,"column":55},"end":{"line":21,"column":85}},{"start":{"line":21,"column":89},"end":{"line":21,"column":115}}],"line":21},"3":{"loc":{"start":{"line":22,"column":4},"end":{"line":24,"column":5}},"type":"if","locations":[{"start":{"line":22,"column":4},"end":{"line":24,"column":5}},{"start":{},"end":{}}],"line":22},"4":{"loc":{"start":{"line":36,"column":4},"end":{"line":43,"column":5}},"type":"if","locations":[{"start":{"line":36,"column":4},"end":{"line":43,"column":5}},{"start":{},"end":{}}],"line":36},"5":{"loc":{"start":{"line":56,"column":4},"end":{"line":56,"column":40}},"type":"if","locations":[{"start":{"line":56,"column":4},"end":{"line":56,"column":40}},{"start":{},"end":{}}],"line":56},"6":{"loc":{"start":{"line":57,"column":4},"end":{"line":57,"column":43}},"type":"if","locations":[{"start":{"line":57,"column":4},"end":{"line":57,"column":43}},{"start":{},"end":{}}],"line":57},"7":{"loc":{"start":{"line":75,"column":24},"end":{"line":75,"column":38}},"type":"binary-expr","locations":[{"start":{"line":75,"column":24},"end":{"line":75,"column":32}},{"start":{"line":75,"column":36},"end":{"line":75,"column":38}}],"line":75},"8":{"loc":{"start":{"line":77,"column":4},"end":{"line":77,"column":76}},"type":"if","locations":[{"start":{"line":77,"column":4},"end":{"line":77,"column":76}},{"start":{},"end":{}}],"line":77},"9":{"loc":{"start":{"line":79,"column":4},"end":{"line":86,"column":5}},"type":"if","locations":[{"start":{"line":79,"column":4},"end":{"line":86,"column":5}},{"start":{},"end":{}}],"line":79},"10":{"loc":{"start":{"line":83,"column":17},"end":{"line":83,"column":79}},"type":"cond-expr","locations":[{"start":{"line":83,"column":27},"end":{"line":83,"column":49}},{"start":{"line":83,"column":52},"end":{"line":83,"column":79}}],"line":83},"11":{"loc":{"start":{"line":98,"column":24},"end":{"line":98,"column":38}},"type":"binary-expr","locations":[{"start":{"line":98,"column":24},"end":{"line":98,"column":32}},{"start":{"line":98,"column":36},"end":{"line":98,"column":38}}],"line":98},"12":{"loc":{"start":{"line":100,"column":4},"end":{"line":100,"column":76}},"type":"if","locations":[{"start":{"line":100,"column":4},"end":{"line":100,"column":76}},{"start":{},"end":{}}],"line":100},"13":{"loc":{"start":{"line":102,"column":4},"end":{"line":109,"column":5}},"type":"if","locations":[{"start":{"line":102,"column":4},"end":{"line":109,"column":5}},{"start":{},"end":{}}],"line":102},"14":{"loc":{"start":{"line":106,"column":17},"end":{"line":106,"column":79}},"type":"cond-expr","locations":[{"start":{"line":106,"column":27},"end":{"line":106,"column":49}},{"start":{"line":106,"column":52},"end":{"line":106,"column":79}}],"line":106},"15":{"loc":{"start":{"line":122,"column":4},"end":{"line":122,"column":76}},"type":"if","locations":[{"start":{"line":122,"column":4},"end":{"line":122,"column":76}},{"start":{},"end":{}}],"line":122},"16":{"loc":{"start":{"line":124,"column":4},"end":{"line":131,"column":5}},"type":"if","locations":[{"start":{"line":124,"column":4},"end":{"line":131,"column":5}},{"start":{},"end":{}}],"line":124}},"s":{"0":1,"1":1,"2":1,"3":1,"4":1,"5":1,"6":3,"7":3,"8":1,"9":2,"10":2,"11":2,"12":2,"13":2,"14":2,"15":2,"16":2,"17":1,"18":2,"19":1,"20":1,"21":1,"22":1,"23":1,"24":1,"25":1,"26":0,"27":0,"28":1,"29":3,"30":3,"31":3,"32":3,"33":1,"34":3,"35":1,"36":3,"37":1,"38":2,"39":2,"40":1,"41":2,"42":2,"43":2,"44":2,"45":2,"46":1,"47":1,"48":1,"49":1,"50":1,"51":0,"52":0,"53":1,"54":1,"55":1,"56":1,"57":1,"58":1,"59":0,"60":1,"61":1,"62":1,"63":1,"64":0,"65":0,"66":1,"67":1,"68":1,"69":1,"70":1,"71":0,"72":1,"73":1,"74":1,"75":1,"76":0,"77":0,"78":1},"f":{"0":3,"1":1,"2":3,"3":2,"4":1,"5":1},"b":{"0":[1,2],"1":[3,3,2,2],"2":[1,1],"3":[1,1],"4":[1,0],"5":[1,2],"6":[1,2],"7":[2,0],"8":[1,1],"9":[1,0],"10":[1,0],"11":[1,0],"12":[0,1],"13":[1,0],"14":[1,0],"15":[0,1],"16":[1,0]},"_coverageSchema":"1a1c01bbd47fc00a2c39e90264f33305004495a9","hash":"7782c297a27e3e15f5e75ad3a0d3a48d0529ea65"}
,"/home/titus-b/Desktop/TutorFinder/backend/controllers/tutorController.js": {"path":"/home/titus-b/Desktop/TutorFinder/backend/controllers/tutorController.js","statementMap":{"0":{"start":{"line":1,"column":13},"end":{"line":1,"column":38}},"1":{"start":{"line":2,"column":14},"end":{"line":2,"column":47}},"2":{"start":{"line":5,"column":27},"end":{"line":41,"column":1}},"3":{"start":{"line":6,"column":34},"end":{"line":6,"column":42}},"4":{"start":{"line":7,"column":17},"end":{"line":7,"column":35}},"5":{"start":{"line":9,"column":2},"end":{"line":11,"column":3}},"6":{"start":{"line":10,"column":4},"end":{"line":10,"column":76}},"7":{"start":{"line":13,"column":2},"end":{"line":40,"column":3}},"8":{"start":{"line":15,"column":17},"end":{"line":15,"column":44}},"9":{"start":{"line":16,"column":4},"end":{"line":18,"column":5}},"10":{"start":{"line":17,"column":6},"end":{"line":17,"column":63}},"11":{"start":{"line":21,"column":23},"end":{"line":21,"column":60}},"12":{"start":{"line":22,"column":4},"end":{"line":33,"column":5}},"13":{"start":{"line":23,"column":6},"end":{"line":28,"column":9}},"14":{"start":{"line":30,"column":6},"end":{"line":30,"column":31}},"15":{"start":{"line":31,"column":6},"end":{"line":31,"column":29}},"16":{"start":{"line":32,"column":6},"end":{"line":32,"column":39}},"17":{"start":{"line":35,"column":4},"end":{"line":35,"column":30}},"18":{"start":{"line":36,"column":4},"end":{"line":36,"column":34}},"19":{"start":{"line":38,"column":4},"end":{"line":38,"column":31}},"20":{"start":{"line":39,"column":4},"end":{"line":39,"column":48}},"21":{"start":{"line":43,"column":24},"end":{"line":56,"column":1}},"22":{"start":{"line":44,"column":2},"end":{"line":55,"column":3}},"23":{"start":{"line":45,"column":25},"end":{"line":46,"column":42}},"24":{"start":{"line":48,"column":4},"end":{"line":50,"column":5}},"25":{"start":{"line":49,"column":6},"end":{"line":49,"column":70}},"26":{"start":{"line":51,"column":4},"end":{"line":51,"column":34}},"27":{"start":{"line":53,"column":4},"end":{"line":53,"column":31}},"28":{"start":{"line":54,"column":4},"end":{"line":54,"column":48}},"29":{"start":{"line":58,"column":21},"end":{"line":66,"column":1}},"30":{"start":{"line":59,"column":2},"end":{"line":65,"column":3}},"31":{"start":{"line":60,"column":19},"end":{"line":60,"column":73}},"32":{"start":{"line":61,"column":4},"end":{"line":61,"column":28}},"33":{"start":{"line":63,"column":4},"end":{"line":63,"column":23}},"34":{"start":{"line":64,"column":4},"end":{"line":64,"column":57}},"35":{"start":{"line":68,"column":22},"end":{"line":105,"column":1}},"36":{"start":{"line":69,"column":17},"end":{"line":69,"column":35}},"37":{"start":{"line":71,"column":2},"end":{"line":73,"column":3}},"38":{"start":{"line":72,"column":4},"end":{"line":72,"column":76}},"39":{"start":{"line":75,"column":2},"end":{"line":104,"column":3}},"40":{"start":{"line":77,"column":17},"end":{"line":77,"column":44}},"41":{"start":{"line":78,"column":4},"end":{"line":80,"column":5}},"42":{"start":{"line":79,"column":6},"end":{"line":79,"column":63}},"43":{"start":{"line":83,"column":18},"end":{"line":83,"column":55}},"44":{"start":{"line":84,"column":4},"end":{"line":86,"column":5}},"45":{"start":{"line":85,"column":6},"end":{"line":85,"column":62}},"46":{"start":{"line":89,"column":20},"end":{"line":89,"column":48}},"47":{"start":{"line":92,"column":4},"end":{"line":92,"column":41}},"48":{"start":{"line":95,"column":4},"end":{"line":95,"column":45}},"49":{"start":{"line":98,"column":4},"end":{"line":98,"column":51}},"50":{"start":{"line":100,"column":4},"end":{"line":100,"column":76}},"51":{"start":{"line":102,"column":4},"end":{"line":102,"column":31}},"52":{"start":{"line":103,"column":4},"end":{"line":103,"column":41}},"53":{"start":{"line":107,"column":0},"end":{"line":112,"column":2}}},"fnMap":{"0":{"name":"(anonymous_0)","decl":{"start":{"line":5,"column":27},"end":{"line":5,"column":28}},"loc":{"start":{"line":5,"column":47},"end":{"line":41,"column":1}},"line":5},"1":{"name":"(anonymous_1)","decl":{"start":{"line":43,"column":24},"end":{"line":43,"column":25}},"loc":{"start":{"line":43,"column":44},"end":{"line":56,"column":1}},"line":43},"2":{"name":"(anonymous_2)","decl":{"start":{"line":58,"column":21},"end":{"line":58,"column":22}},"loc":{"start":{"line":58,"column":41},"end":{"line":66,"column":1}},"line":58},"3":{"name":"(anonymous_3)","decl":{"start":{"line":68,"column":22},"end":{"line":68,"column":23}},"loc":{"start":{"line":68,"column":42},"end":{"line":105,"column":1}},"line":68}},"branchMap":{"0":{"loc":{"start":{"line":9,"column":2},"end":{"line":11,"column":3}},"type":"if","locations":[{"start":{"line":9,"column":2},"end":{"line":11,"column":3}},{"start":{},"end":{}}],"line":9},"1":{"loc":{"start":{"line":16,"column":4},"end":{"line":18,"column":5}},"type":"if","locations":[{"start":{"line":16,"column":4},"end":{"line":18,"column":5}},{"start":{},"end":{}}],"line":16},"2":{"loc":{"start":{"line":16,"column":8},"end":{"line":16,"column":38}},"type":"binary-expr","locations":[{"start":{"line":16,"column":8},"end":{"line":16,"column":13}},{"start":{"line":16,"column":17},"end":{"line":16,"column":38}}],"line":16},"3":{"loc":{"start":{"line":22,"column":4},"end":{"line":33,"column":5}},"type":"if","locations":[{"start":{"line":22,"column":4},"end":{"line":33,"column":5}},{"start":{"line":29,"column":11},"end":{"line":33,"column":5}}],"line":22},"4":{"loc":{"start":{"line":48,"column":4},"end":{"line":50,"column":5}},"type":"if","locations":[{"start":{"line":48,"column":4},"end":{"line":50,"column":5}},{"start":{},"end":{}}],"line":48},"5":{"loc":{"start":{"line":71,"column":2},"end":{"line":73,"column":3}},"type":"if","locations":[{"start":{"line":71,"column":2},"end":{"line":73,"column":3}},{"start":{},"end":{}}],"line":71},"6":{"loc":{"start":{"line":78,"column":4},"end":{"line":80,"column":5}},"type":"if","locations":[{"start":{"line":78,"column":4},"end":{"line":80,"column":5}},{"start":{},"end":{}}],"line":78},"7":{"loc":{"start":{"line":78,"column":8},"end":{"line":78,"column":38}},"type":"binary-expr","locations":[{"start":{"line":78,"column":8},"end":{"line":78,"column":13}},{"start":{"line":78,"column":17},"end":{"line":78,"column":38}}],"line":78},"8":{"loc":{"start":{"line":84,"column":4},"end":{"line":86,"column":5}},"type":"if","locations":[{"start":{"line":84,"column":4},"end":{"line":86,"column":5}},{"start":{},"end":{}}],"line":84}},"s":{"0":1,"1":1,"2":1,"3":4,"4":4,"5":4,"6":1,"7":3,"8":3,"9":3,"10":1,"11":2,"12":2,"13":1,"14":1,"15":1,"16":1,"17":2,"18":2,"19":0,"20":0,"21":1,"22":2,"23":2,"24":2,"25":1,"26":1,"27":0,"28":0,"29":1,"30":1,"31":1,"32":1,"33":0,"34":0,"35":1,"36":2,"37":2,"38":0,"39":2,"40":2,"41":2,"42":0,"43":2,"44":2,"45":1,"46":1,"47":1,"48":1,"49":1,"50":1,"51":0,"52":0,"53":1},"f":{"0":4,"1":2,"2":1,"3":2},"b":{"0":[1,3],"1":[1,2],"2":[3,3],"3":[1,1],"4":[1,1],"5":[0,2],"6":[0,2],"7":[2,2],"8":[1,1]},"_coverageSchema":"1a1c01bbd47fc00a2c39e90264f33305004495a9","hash":"d8a7efbc87409deb52614e24be3e49e3ecb8481a"}
,"/home/titus-b/Desktop/TutorFinder/backend/middleware/JwtMiddleware.js": {"path":"/home/titus-b/Desktop/TutorFinder/backend/middleware/JwtMiddleware.js","statementMap":{"0":{"start":{"line":1,"column":12},"end":{"line":1,"column":35}},"1":{"start":{"line":3,"column":0},"end":{"line":23,"column":2}},"2":{"start":{"line":4,"column":16},"end":{"line":4,"column":43}},"3":{"start":{"line":6,"column":2},"end":{"line":8,"column":3}},"4":{"start":{"line":7,"column":4},"end":{"line":7,"column":75}},"5":{"start":{"line":10,"column":2},"end":{"line":22,"column":3}},"6":{"start":{"line":11,"column":23},"end":{"line":11,"column":42}},"7":{"start":{"line":13,"column":4},"end":{"line":15,"column":5}},"8":{"start":{"line":14,"column":6},"end":{"line":14,"column":64}},"9":{"start":{"line":17,"column":20},"end":{"line":17,"column":66}},"10":{"start":{"line":18,"column":4},"end":{"line":18,"column":23}},"11":{"start":{"line":19,"column":4},"end":{"line":19,"column":11}},"12":{"start":{"line":21,"column":4},"end":{"line":21,"column":56}}},"fnMap":{"0":{"name":"(anonymous_0)","decl":{"start":{"line":3,"column":17},"end":{"line":3,"column":18}},"loc":{"start":{"line":3,"column":43},"end":{"line":23,"column":1}},"line":3}},"branchMap":{"0":{"loc":{"start":{"line":6,"column":2},"end":{"line":8,"column":3}},"type":"if","locations":[{"start":{"line":6,"column":2},"end":{"line":8,"column":3}},{"start":{},"end":{}}],"line":6},"1":{"loc":{"start":{"line":13,"column":4},"end":{"line":15,"column":5}},"type":"if","locations":[{"start":{"line":13,"column":4},"end":{"line":15,"column":5}},{"start":{},"end":{}}],"line":13}},"s":{"0":1,"1":1,"2":4,"3":4,"4":1,"5":3,"6":3,"7":3,"8":1,"9":2,"10":1,"11":1,"12":1},"f":{"0":4},"b":{"0":[1,3],"1":[1,2]},"_coverageSchema":"1a1c01bbd47fc00a2c39e90264f33305004495a9","hash":"9cbfb6e97b00cd7b04b918c3dbfd1cc3d7337c67"}
,"/home/titus-b/Desktop/TutorFinder/backend/models/User.js": {"path":"/home/titus-b/Desktop/TutorFinder/backend/models/User.js","statementMap":{"0":{"start":{"line":1,"column":17},"end":{"line":1,"column":36}},"1":{"start":{"line":3,"column":19},"end":{"line":8,"column":2}},"2":{"start":{"line":10,"column":0},"end":{"line":10,"column":52}}},"fnMap":{},"branchMap":{},"s":{"0":9,"1":9,"2":9},"f":{},"b":{},"_coverageSchema":"1a1c01bbd47fc00a2c39e90264f33305004495a9","hash":"4708989370bed86c09a3558838308467c4c800d5"}
,"/home/titus-b/Desktop/TutorFinder/backend/models/availability.js": {"path":"/home/titus-b/Desktop/TutorFinder/backend/models/availability.js","statementMap":{"0":{"start":{"line":1,"column":17},"end":{"line":1,"column":36}},"1":{"start":{"line":3,"column":27},"end":{"line":12,"column":2}},"2":{"start":{"line":14,"column":0},"end":{"line":14,"column":68}}},"fnMap":{},"branchMap":{},"s":{"0":2,"1":2,"2":2},"f":{},"b":{},"_coverageSchema":"1a1c01bbd47fc00a2c39e90264f33305004495a9","hash":"317d6a117edc24e4a6ebdf8e6815ae6a99f88e6d"}
,"/home/titus-b/Desktop/TutorFinder/backend/models/clientProfile.js": {"path":"/home/titus-b/Desktop/TutorFinder/backend/models/clientProfile.js","statementMap":{"0":{"start":{"line":1,"column":17},"end":{"line":1,"column":36}},"1":{"start":{"line":3,"column":21},"end":{"line":7,"column":2}},"2":{"start":{"line":9,"column":0},"end":{"line":9,"column":56}}},"fnMap":{},"branchMap":{},"s":{"0":8,"1":8,"2":8},"f":{},"b":{},"_coverageSchema":"1a1c01bbd47fc00a2c39e90264f33305004495a9","hash":"33dd2d197032318881de547081189bd352689ed2"}
,"/home/titus-b/Desktop/TutorFinder/backend/models/notification.js": {"path":"/home/titus-b/Desktop/TutorFinder/backend/models/notification.js","statementMap":{"0":{"start":{"line":1,"column":17},"end":{"line":1,"column":36}},"1":{"start":{"line":3,"column":27},"end":{"line":10,"column":2}},"2":{"start":{"line":12,"column":0},"end":{"line":12,"column":68}}},"fnMap":{},"branchMap":{},"s":{"0":2,"1":2,"2":2},"f":{},"b":{},"_coverageSchema":"1a1c01bbd47fc00a2c39e90264f33305004495a9","hash":"0c49380f414bd9776652921be79ffea2d302d145"}
,"/home/titus-b/Desktop/TutorFinder/backend/models/session.js": {"path":"/home/titus-b/Desktop/TutorFinder/backend/models/session.js","statementMap":{"0":{"start":{"line":1,"column":17},"end":{"line":1,"column":36}},"1":{"start":{"line":3,"column":22},"end":{"line":9,"column":2}},"2":{"start":{"line":11,"column":0},"end":{"line":11,"column":58}}},"fnMap":{},"branchMap":{},"s":{"0":2,"1":2,"2":2},"f":{},"b":{},"_coverageSchema":"1a1c01bbd47fc00a2c39e90264f33305004495a9","hash":"82255557972a925b6d2df5069ad41a3fb5e55122"}
,"/home/titus-b/Desktop/TutorFinder/backend/models/tutorProfile.js": {"path":"/home/titus-b/Desktop/TutorFinder/backend/models/tutorProfile.js","statementMap":{"0":{"start":{"line":1,"column":17},"end":{"line":1,"column":36}},"1":{"start":{"line":3,"column":20},"end":{"line":8,"column":2}},"2":{"start":{"line":10,"column":0},"end":{"line":10,"column":54}}},"fnMap":{},"branchMap":{},"s":{"0":8,"1":8,"2":8},"f":{},"b":{},"_coverageSchema":"1a1c01bbd47fc00a2c39e90264f33305004495a9","hash":"4e70a7d534883442f59554b6b9b041b856c36deb"}
}
