TN:
SF:controllers/adminController.js
FN:14,(anonymous_0)
FN:19,(anonymous_1)
FN:34,(anonymous_2)
FN:45,(anonymous_3)
FN:60,(anonymous_4)
FN:87,(anonymous_5)
FNF:6
FNH:6
FNDA:3,(anonymous_0)
FNDA:1,(anonymous_1)
FNDA:2,(anonymous_2)
FNDA:1,(anonymous_3)
FNDA:2,(anonymous_4)
FNDA:1,(anonymous_5)
DA:2,1
DA:3,1
DA:4,1
DA:5,1
DA:6,1
DA:8,1
DA:14,1
DA:15,3
DA:17,3
DA:18,1
DA:19,1
DA:20,1
DA:21,1
DA:29,2
DA:34,1
DA:35,2
DA:36,2
DA:37,1
DA:39,1
DA:40,1
DA:45,1
DA:46,1
DA:47,1
DA:48,1
DA:50,0
DA:51,0
DA:60,1
DA:61,2
DA:63,2
DA:65,2
DA:66,2
DA:67,1
DA:71,1
DA:74,1
DA:77,1
DA:79,1
DA:81,0
DA:82,0
DA:87,1
DA:88,1
DA:90,1
DA:92,1
DA:93,1
DA:94,0
DA:98,1
DA:101,1
DA:104,1
DA:106,1
DA:108,0
DA:109,0
DA:113,1
LF:51
LH:44
BRDA:17,0,0,1
BRDA:17,0,1,2
BRDA:17,1,0,3
BRDA:17,1,1,2
BRDA:20,2,0,0
BRDA:20,2,1,1
BRDA:66,3,0,1
BRDA:66,3,1,1
BRDA:93,4,0,0
BRDA:93,4,1,1
BRF:10
BRH:8
end_of_record
TN:
SF:controllers/authController.js
FN:5,(anonymous_0)
FN:26,(anonymous_1)
FN:41,(anonymous_2)
FN:57,(anonymous_3)
FNF:4
FNH:4
FNDA:3,(anonymous_0)
FNDA:1,(anonymous_1)
FNDA:4,(anonymous_2)
FNDA:1,(anonymous_3)
DA:1,2
DA:2,2
DA:3,2
DA:5,2
DA:6,3
DA:8,3
DA:9,3
DA:10,2
DA:11,1
DA:15,1
DA:18,1
DA:19,1
DA:22,1
DA:24,1
DA:26,1
DA:27,1
DA:28,1
DA:36,1
DA:37,1
DA:41,2
DA:42,4
DA:44,4
DA:45,4
DA:46,3
DA:47,1
DA:50,2
DA:51,2
DA:52,1
DA:55,1
DA:57,1
DA:58,1
DA:60,1
DA:68,1
DA:69,1
DA:73,2
LF:35
LH:35
BRDA:10,0,0,1
BRDA:10,0,1,1
BRDA:27,1,0,0
BRDA:27,1,1,1
BRDA:46,2,0,1
BRDA:46,2,1,2
BRDA:51,3,0,1
BRDA:51,3,1,1
BRDA:58,4,0,0
BRDA:58,4,1,1
BRF:10
BRH:8
end_of_record
TN:
SF:controllers/availabilityController.js
FN:4,(anonymous_0)
FN:13,(anonymous_1)
FN:14,(anonymous_2)
FN:27,(anonymous_3)
FNF:4
FNH:4
FNDA:4,(anonymous_0)
FNDA:6,(anonymous_1)
FNDA:6,(anonymous_2)
FNDA:3,(anonymous_3)
DA:1,1
DA:2,1
DA:4,1
DA:5,4
DA:6,4
DA:7,4
DA:8,4
DA:9,3
DA:10,3
DA:11,1
DA:13,6
DA:14,6
DA:15,2
DA:20,2
DA:22,0
DA:23,0
DA:27,1
DA:28,3
DA:29,3
DA:30,3
DA:31,3
DA:32,3
DA:33,3
DA:34,3
DA:36,0
DA:37,0
DA:41,1
LF:27
LH:23
BRDA:8,0,0,1
BRDA:8,0,1,3
BRDA:10,1,0,1
BRDA:10,1,1,2
BRDA:10,2,0,3
BRDA:10,2,1,3
BRDA:14,3,0,6
BRDA:14,3,1,5
BRDA:14,3,2,5
BRDA:31,4,0,1
BRDA:31,4,1,2
BRDA:32,5,0,1
BRDA:32,5,1,2
BRF:13
BRH:13
end_of_record
TN:
SF:controllers/clientController.js
FN:4,(anonymous_0)
FN:39,(anonymous_1)
FN:53,(anonymous_2)
FNF:3
FNH:3
FNDA:4,(anonymous_0)
FNDA:2,(anonymous_1)
FNDA:1,(anonymous_2)
DA:1,1
DA:2,1
DA:4,1
DA:5,4
DA:6,4
DA:8,4
DA:9,1
DA:12,3
DA:13,3
DA:14,3
DA:15,1
DA:18,2
DA:20,2
DA:21,1
DA:27,1
DA:28,1
DA:31,2
DA:32,2
DA:34,0
DA:35,0
DA:39,1
DA:40,2
DA:41,2
DA:42,2
DA:43,2
DA:44,1
DA:46,1
DA:48,0
DA:49,0
DA:53,1
DA:54,1
DA:56,1
DA:57,0
DA:60,1
DA:62,1
DA:63,1
DA:64,0
DA:68,1
DA:69,1
DA:70,0
DA:74,1
DA:77,1
DA:80,1
DA:83,1
DA:85,1
DA:87,0
DA:88,0
DA:92,1
LF:48
LH:39
BRDA:8,0,0,1
BRDA:8,0,1,3
BRDA:14,1,0,1
BRDA:14,1,1,2
BRDA:14,2,0,3
BRDA:14,2,1,3
BRDA:20,3,0,1
BRDA:20,3,1,1
BRDA:43,4,0,1
BRDA:43,4,1,1
BRDA:56,5,0,0
BRDA:56,5,1,1
BRDA:63,6,0,0
BRDA:63,6,1,1
BRDA:63,7,0,1
BRDA:63,7,1,1
BRDA:69,8,0,0
BRDA:69,8,1,1
BRF:18
BRH:15
end_of_record
TN:
SF:controllers/notificationController.js
FN:3,(anonymous_0)
FN:14,(anonymous_1)
FN:27,(anonymous_2)
FNF:3
FNH:3
FNDA:2,(anonymous_0)
FNDA:2,(anonymous_1)
FNDA:1,(anonymous_2)
DA:1,1
DA:3,1
DA:4,2
DA:5,2
DA:6,2
DA:7,2
DA:9,0
DA:10,0
DA:14,1
DA:15,2
DA:16,2
DA:17,2
DA:18,2
DA:19,2
DA:20,1
DA:22,0
DA:23,0
DA:27,1
DA:28,1
DA:29,1
DA:30,1
DA:31,1
DA:32,1
DA:34,0
DA:35,0
DA:39,1
LF:26
LH:20
BRDA:19,0,0,1
BRDA:19,0,1,1
BRF:2
BRH:2
end_of_record
TN:
SF:controllers/sessionController.js
FN:7,(anonymous_0)
FN:21,(anonymous_1)
FN:52,(anonymous_2)
FN:72,(anonymous_3)
FN:95,(anonymous_4)
FN:118,(anonymous_5)
FNF:6
FNH:6
FNDA:3,(anonymous_0)
FNDA:1,(anonymous_1)
FNDA:3,(anonymous_2)
FNDA:2,(anonymous_3)
FNDA:1,(anonymous_4)
FNDA:1,(anonymous_5)
DA:1,1
DA:2,1
DA:3,1
DA:4,1
DA:5,1
DA:7,1
DA:8,3
DA:9,3
DA:10,1
DA:12,2
DA:14,2
DA:15,2
DA:16,2
DA:17,2
DA:18,2
DA:20,2
DA:21,2
DA:22,2
DA:23,1
DA:26,1
DA:33,1
DA:35,1
DA:36,1
DA:37,1
DA:44,1
DA:46,0
DA:47,0
DA:52,1
DA:53,3
DA:54,3
DA:55,3
DA:56,3
DA:57,3
DA:60,3
DA:64,1
DA:66,2
DA:67,2
DA:72,1
DA:73,2
DA:74,2
DA:75,2
DA:76,2
DA:77,2
DA:78,1
DA:79,1
DA:80,1
DA:87,1
DA:89,0
DA:90,0
DA:95,1
DA:96,1
DA:97,1
DA:98,1
DA:99,1
DA:100,1
DA:101,1
DA:102,1
DA:103,1
DA:110,1
DA:112,0
DA:113,0
DA:118,1
DA:119,1
DA:120,1
DA:121,1
DA:122,1
DA:123,1
DA:124,1
DA:125,1
DA:132,1
DA:134,0
DA:135,0
DA:139,1
LF:73
LH:65
BRDA:9,0,0,1
BRDA:9,0,1,2
BRDA:9,1,0,3
BRDA:9,1,1,3
BRDA:9,1,2,2
BRDA:9,1,3,2
BRDA:21,2,0,1
BRDA:21,2,1,1
BRDA:22,3,0,1
BRDA:22,3,1,1
BRDA:36,4,0,1
BRDA:36,4,1,0
BRDA:56,5,0,1
BRDA:56,5,1,2
BRDA:57,6,0,1
BRDA:57,6,1,2
BRDA:75,7,0,2
BRDA:75,7,1,0
BRDA:77,8,0,1
BRDA:77,8,1,1
BRDA:79,9,0,1
BRDA:79,9,1,0
BRDA:83,10,0,1
BRDA:83,10,1,0
BRDA:98,11,0,1
BRDA:98,11,1,0
BRDA:100,12,0,0
BRDA:100,12,1,1
BRDA:102,13,0,1
BRDA:102,13,1,0
BRDA:106,14,0,1
BRDA:106,14,1,0
BRDA:122,15,0,0
BRDA:122,15,1,1
BRDA:124,16,0,1
BRDA:124,16,1,0
BRF:36
BRH:26
end_of_record
TN:
SF:controllers/tutorController.js
FN:5,(anonymous_0)
FN:43,(anonymous_1)
FN:58,(anonymous_2)
FN:68,(anonymous_3)
FNF:4
FNH:4
FNDA:4,(anonymous_0)
FNDA:2,(anonymous_1)
FNDA:1,(anonymous_2)
FNDA:2,(anonymous_3)
DA:1,1
DA:2,1
DA:5,1
DA:6,4
DA:7,4
DA:9,4
DA:10,1
DA:13,3
DA:15,3
DA:16,3
DA:17,1
DA:21,2
DA:22,2
DA:23,1
DA:30,1
DA:31,1
DA:32,1
DA:35,2
DA:36,2
DA:38,0
DA:39,0
DA:43,1
DA:44,2
DA:45,2
DA:48,2
DA:49,1
DA:51,1
DA:53,0
DA:54,0
DA:58,1
DA:59,1
DA:60,1
DA:61,1
DA:63,0
DA:64,0
DA:68,1
DA:69,2
DA:71,2
DA:72,0
DA:75,2
DA:77,2
DA:78,2
DA:79,0
DA:83,2
DA:84,2
DA:85,1
DA:89,1
DA:92,1
DA:95,1
DA:98,1
DA:100,1
DA:102,0
DA:103,0
DA:107,1
LF:54
LH:44
BRDA:9,0,0,1
BRDA:9,0,1,3
BRDA:16,1,0,1
BRDA:16,1,1,2
BRDA:16,2,0,3
BRDA:16,2,1,3
BRDA:22,3,0,1
BRDA:22,3,1,1
BRDA:48,4,0,1
BRDA:48,4,1,1
BRDA:71,5,0,0
BRDA:71,5,1,2
BRDA:78,6,0,0
BRDA:78,6,1,2
BRDA:78,7,0,2
BRDA:78,7,1,2
BRDA:84,8,0,1
BRDA:84,8,1,1
BRF:18
BRH:16
end_of_record
TN:
SF:middleware/JwtMiddleware.js
FN:3,(anonymous_0)
FNF:1
FNH:1
FNDA:4,(anonymous_0)
DA:1,1
DA:3,1
DA:4,4
DA:6,4
DA:7,1
DA:10,3
DA:11,3
DA:13,3
DA:14,1
DA:17,2
DA:18,1
DA:19,1
DA:21,1
LF:13
LH:13
BRDA:6,0,0,1
BRDA:6,0,1,3
BRDA:13,1,0,1
BRDA:13,1,1,2
BRF:4
BRH:4
end_of_record
TN:
SF:models/User.js
FNF:0
FNH:0
DA:1,9
DA:3,9
DA:10,9
LF:3
LH:3
BRF:0
BRH:0
end_of_record
TN:
SF:models/availability.js
FNF:0
FNH:0
DA:1,2
DA:3,2
DA:14,2
LF:3
LH:3
BRF:0
BRH:0
end_of_record
TN:
SF:models/clientProfile.js
FNF:0
FNH:0
DA:1,8
DA:3,8
DA:9,8
LF:3
LH:3
BRF:0
BRH:0
end_of_record
TN:
SF:models/notification.js
FNF:0
FNH:0
DA:1,2
DA:3,2
DA:12,2
LF:3
LH:3
BRF:0
BRH:0
end_of_record
TN:
SF:models/session.js
FNF:0
FNH:0
DA:1,2
DA:3,2
DA:11,2
LF:3
LH:3
BRF:0
BRH:0
end_of_record
TN:
SF:models/tutorProfile.js
FNF:0
FNH:0
DA:1,8
DA:3,8
DA:10,8
LF:3
LH:3
BRF:0
BRH:0
end_of_record
